[debug] [2026-04-06T04:42:04.144Z] : 
[debug] [2026-04-06T04:42:04.145Z] : ----------------------------------------------------------------------
[debug] [2026-04-06T04:42:04.145Z] : Command:      C:\Program Files\nodejs\node.exe C:\Users\Trigya Innovation\AppData\Roaming\npm\node_modules\zcatalyst-cli\lib\bin\catalyst.js serve
[debug] [2026-04-06T04:42:04.145Z] : CLI Version:  1.25.1
[debug] [2026-04-06T04:42:04.145Z] : Platform:     win32
[debug] [2026-04-06T04:42:04.146Z] : Node Version: v24.14.0
[debug] [2026-04-06T04:42:04.146Z] : Time:         Mon Apr 06 2026 10:12:04 GMT+0530 (India Standard Time)
[debug] [2026-04-06T04:42:04.146Z] : ----------------------------------------------------------------------
[debug] [2026-04-06T04:42:04.146Z] : 
[debug] [2026-04-06T04:42:05.284Z] : > authorizing via signed-in user option
[debug] [2026-04-06T04:42:05.287Z] : > command requires scopes: ["ZohoCatalyst.projects.ALL","ZohoCatalyst.apigateway.apis.READ","ZohoCatalyst.apigateway.READ","ZohoCatalyst.segments.ALL","ZohoCatalyst.cache.READ","ZohoCatalyst.cache.CREATE","ZohoCatalyst.cache.DELETE","ZohoCatalyst.projects.ALL","ZohoCatalyst.cron.ALL","ZohoCatalyst.zcql.CREATE","ZohoCatalyst.projects.users.READ","ZohoCatalyst.projects.users.CREATE","ZohoCatalyst.projects.users.DELETE","ZohoCatalyst.projects.users.UPDATE","ZohoCatalyst.authentication.CREATE","ZohoCatalyst.email.CREATE","ZohoCatalyst.tables.ALL","ZohoCatalyst.tables.rows.ALL","ZohoCatalyst.tables.columns.ALL","ZohoCatalyst.tables.bulk.CREATE","ZohoCatalyst.tables.bulk.READ","ZohoCatalyst.folders.ALL","ZohoCatalyst.files.CREATE","ZohoCatalyst.files.READ","ZohoCatalyst.files.DELETE","ZohoCatalyst.functions.ALL","ZohoCatalyst.functions.EXECUTE","ZohoCatalyst.eventlistners.ALL","ZohoCatalyst.eventlisteners.produce","ZohoCatalyst.security.rules.Read","ZohoCatalyst.security.rules.Update","ZohoCatalyst.notifications.mobile","ZohoCatalyst.notifications.web","ZohoCatalyst.search.READ","ZohoCatalyst.mlkit.READ","QuickML.deployment.READ","ZohoCatalyst.pdfshot.execute","ZohoCatalyst.dataverse.execute","ZohoCatalyst.grid.READ","ZohoCatalyst.grid.terminate","ZohoCatalyst.circuits.execution.DELETE","ZohoCatalyst.circuits.execution.READ","ZohoCatalyst.circuits.execute","ZohoCatalyst.appsail.Read","ZohoCatalyst.jobpool.READ","ZohoCatalyst.job.ALL","ZohoCatalyst.nosql.READ","ZohoCatalyst.nosql.rows.ALL"]
[debug] [2026-04-06T04:42:05.328Z] : >>>> HTTP REQUEST : GET https://api.catalyst.zoho.com/baas/v1/project/31902000000145220 

[debug] [2026-04-06T04:42:06.227Z] : <<<< HTTP RESPONSE : 200
Response Headers: {"server":"ZGS","date":"Mon, 06 Apr 2026 04:41:55 GMT","content-type":"application/vnd.catalyst.v2+json","transfer-encoding":"chunked","connection":"keep-alive","x-content-type-options":"nosniff","cache-control":"private,no-cache,no-store,max-age=0,must-revalidate","pragma":"no-cache","expires":"Thu, 01 Jan 1970 00:00:00 GMT","x-frame-options":"DENY","strict-transport-security":"max-age=64072000; includeSubDomains; preload"}

[debug] [2026-04-06T04:42:06.233Z] : >>>> HTTP REQUEST : GET https://api.catalyst.zoho.com/baas/v1/project/31902000000145220/environment 

[debug] [2026-04-06T04:42:06.531Z] : <<<< HTTP RESPONSE : 200
Response Headers: {"server":"ZGS","date":"Mon, 06 Apr 2026 04:41:55 GMT","content-type":"application/vnd.catalyst.v2+json","transfer-encoding":"chunked","connection":"keep-alive","x-content-type-options":"nosniff","cache-control":"private,no-cache,no-store,max-age=0,must-revalidate","pragma":"no-cache","expires":"Thu, 01 Jan 1970 00:00:00 GMT","x-frame-options":"DENY","strict-transport-security":"max-age=64072000; includeSubDomains; preload"}

[debug] [2026-04-06T04:42:06.685Z] : >>>> HTTP REQUEST : GET https://api.catalyst.zoho.com/baas/get-details 
Query params: {"feature_name":"runtime"}

[debug] [2026-04-06T04:42:06.985Z] : <<<< HTTP RESPONSE : 200
Response Headers: {"server":"ZGS","date":"Mon, 06 Apr 2026 04:41:56 GMT","content-type":"application/vnd.catalyst.v2+json","transfer-encoding":"chunked","connection":"keep-alive","x-content-type-options":"nosniff","cache-control":"private,no-cache,no-store,max-age=0,must-revalidate","pragma":"no-cache","expires":"Thu, 01 Jan 1970 00:00:00 GMT","x-frame-options":"DENY","strict-transport-security":"max-age=64072000; includeSubDomains; preload"}

[debug] [2026-04-06T04:42:06.990Z] : >>>> HTTP REQUEST : GET https://api.catalyst.zoho.com/baas/v1/project/31902000000145220/function 
Query params: {"type":"basicio,event,cron,applogic,integration,browser_logic,job"}

[debug] [2026-04-06T04:42:07.288Z] : <<<< HTTP RESPONSE : 200
Response Headers: {"server":"ZGS","date":"Mon, 06 Apr 2026 04:41:56 GMT","content-type":"application/vnd.catalyst.v2+json","transfer-encoding":"chunked","connection":"keep-alive","x-content-type-options":"nosniff","cache-control":"private,no-cache,no-store,max-age=0,must-revalidate","pragma":"no-cache","expires":"Thu, 01 Jan 1970 00:00:00 GMT","x-frame-options":"DENY","strict-transport-security":"max-age=64072000; includeSubDomains; preload"}

[debug] [2026-04-06T04:42:07.291Z] : unknown eol undefined hence skipping check
[info] [2026-04-06T04:42:14.204Z] : Skipping API Gateway rules
[info] [2026-04-06T04:42:14.272Z] : 
[info] [2026-04-06T04:42:14.416Z] :  >>>>>>>>>>>>> Advanced I/O <<<<<<<<<<< 
[info] [2026-04-06T04:42:14.553Z] : ℹ backend: http://localhost:3000/server/backend/
[info] [2026-04-06T04:42:14.585Z] : 
[info] [2026-04-06T04:42:34.509Z] : [1775450554508]  "OPTIONS"  "/server/backend/stats"
[info] [2026-04-06T04:42:34.516Z] : [1775450554516]  "OPTIONS"  "/server/backend/diagnose"
[info] [2026-04-06T04:42:34.520Z] : [1775450554520]  "OPTIONS"  "/server/backend/stats"
[info] [2026-04-06T04:42:34.532Z] : [1775450554524]  "OPTIONS"  "/server/backend/diagnose"
[info] [2026-04-06T04:42:34.805Z] : [1775450554804]  "GET"  "/server/backend/stats"
[info] [2026-04-06T04:42:35.122Z] : [1775450555121]  "GET"  "/server/backend/diagnose"
[info] [2026-04-06T04:42:35.432Z] : [1775450555431]  "GET"  "/server/backend/diagnose"
[info] [2026-04-06T04:42:36.117Z] : [1775450556117]  "GET"  "/server/backend/stats"
[info] [2026-04-06T04:42:43.764Z] : [1775450563764]  "OPTIONS"  "/server/backend/run-pipeline"
[info] [2026-04-06T04:42:44.079Z] : [1775450564078]  "GET"  "/server/backend/run-pipeline"
[info] [2026-04-06T04:42:44.133Z] : [1775450564133]  "GET"  "/server/backend/logs/latest/stream"
[info] [2026-04-06T04:42:49.744Z] : [1775450569740]  "OPTIONS"  "/server/backend/stats"
[info] [2026-04-06T04:42:50.060Z] : [1775450570060]  "GET"  "/server/backend/stats"
[info] [2026-04-06T04:43:00.603Z] : [1775450580603]  "OPTIONS"  "/server/backend/logs"
[info] [2026-04-06T04:43:00.605Z] : [1775450580605]  "OPTIONS"  "/server/backend/logs"
[info] [2026-04-06T04:43:00.869Z] : [1775450580869]  "GET"  "/server/backend/logs"
[info] [2026-04-06T04:43:00.915Z] : [1775450580915]  "GET"  "/server/backend/logs"
[info] [2026-04-06T04:43:04.627Z] : [1775450584626]  "OPTIONS"  "/server/backend/logs/automation_2026-04-06T04-42-44.log"
[info] [2026-04-06T04:43:04.937Z] : [1775450584936]  "GET"  "/server/backend/logs/automation_2026-04-06T04-42-44.log"
[info] [2026-04-06T04:44:20.365Z] : 
change of services\automationService.js in backend detected. Preparing your function, please wait...
[error] [2026-04-06T04:44:20.465Z] : uncaughtException: Cannot write headers after they are sent to the client
Error [ERR_HTTP_HEADERS_SENT]: Cannot write headers after they are sent to the client
    at ServerResponse.writeHead (node:_http_server:356:11)
    at ProxyServer.<anonymous> (C:\Users\Trigya Innovation\AppData\Roaming\npm\node_modules\zcatalyst-cli\lib\serve\server\lib\master\utils.js:73:17)
    at ProxyServer.emit (C:\Users\Trigya Innovation\AppData\Roaming\npm\node_modules\zcatalyst-cli\node_modules\eventemitter3\index.js:184:35)
    at ClientRequest.proxyError (C:\Users\Trigya Innovation\AppData\Roaming\npm\node_modules\zcatalyst-cli\node_modules\http-proxy\lib\http-proxy\passes\web-incoming.js:158:18)
    at ClientRequest.emit (node:events:508:28)
    at emitErrorEvent (node:_http_client:108:11)
    at Socket.socketErrorListener (node:_http_client:575:5)
    at Socket.emit (node:events:508:28)
    at emitErrorNT (node:internal/streams/destroy:170:8)
    at emitErrorCloseNT (node:internal/streams/destroy:129:3)
[error] [2026-04-06T04:44:20.484Z] : ✖ An unexpected error has occurred.
[debug] [2026-04-06T04:44:20.485Z] : Error Stack: CatalystError: An unexpected error has occurred.
    at exports.default (C:\Users\Trigya Innovation\AppData\Roaming\npm\node_modules\zcatalyst-cli\lib\errorOut.js:20:17)
    at process.<anonymous> (C:\Users\Trigya Innovation\AppData\Roaming\npm\node_modules\zcatalyst-cli\lib\bin\catalyst.js:115:28)
    at process.emit (node:events:520:35)
    at process.processEmit [as emit] (C:\Users\Trigya Innovation\AppData\Roaming\npm\node_modules\zcatalyst-cli\node_modules\signal-exit\index.js:199:34)
    at process._fatalException (node:internal/process/execution:159:25)
[debug] [2026-04-06T04:44:20.485Z] : Original Error: Error [ERR_HTTP_HEADERS_SENT]: Cannot write headers after they are sent to the client
    at ServerResponse.writeHead (node:_http_server:356:11)
    at ProxyServer.<anonymous> (C:\Users\Trigya Innovation\AppData\Roaming\npm\node_modules\zcatalyst-cli\lib\serve\server\lib\master\utils.js:73:17)
    at ProxyServer.emit (C:\Users\Trigya Innovation\AppData\Roaming\npm\node_modules\zcatalyst-cli\node_modules\eventemitter3\index.js:184:35)
    at ClientRequest.proxyError (C:\Users\Trigya Innovation\AppData\Roaming\npm\node_modules\zcatalyst-cli\node_modules\http-proxy\lib\http-proxy\passes\web-incoming.js:158:18)
    at ClientRequest.emit (node:events:508:28)
    at emitErrorEvent (node:_http_client:108:11)
    at Socket.socketErrorListener (node:_http_client:575:5)
    at Socket.emit (node:events:508:28)
    at emitErrorNT (node:internal/streams/destroy:170:8)
    at emitErrorCloseNT (node:internal/streams/destroy:129:3) {
  code: 'ERR_HTTP_HEADERS_SENT'
}
[debug] [2026-04-06T04:44:20.485Z] : Error Status: 500
[info] [2026-04-06T04:44:20.487Z] : Kindly contact Catalyst support [support@zohocatalyst.com] if you need any further assistance
